<?xml version="1.0" encoding="UTF-8"?>
<!-- Generated by org.testng.reporters.JUnitReportReporter -->
<testsuite hostname="DESKTOP-KP2HK5D" failures="0" tests="1" name="RestAssured.RestAssuredAPITest" time="2.077" errors="0" timestamp="2023-05-23T17:01:37 IST" skipped="0">
  <testcase classname="RestAssured.RestAssuredAPITest" name="GetBooksDetails" time="2.077"/>
  <system-out/>
</testsuite> <!-- RestAssured.RestAssuredAPITest -->
